11:15 CasperssXDE: 1
11:16 CasperssXDE: 10
11:16 CasperssXDE: 5
11:17 CasperssXDE: 12
11:18 CasperssXDE: 30
11:18 CasperssXDE: 60
11:19 CasperssXDE: 100
11:22 CasperssXDE: 5
11:52 CasperssXDE: sa
11:52 theavoid07 : as
11:52 CasperssXDE: bankayı kırmaya
11:52 CasperssXDE: çalışşana
11:52 theavoid07 : chestleri m
11:52 CasperssXDE: herhangibi bir yerini
11:52 CasperssXDE: tahtayı kır
11:52 CasperssXDE: olmuyo he iyi
11:52 CasperssXDE: chestide krımayı dene
11:52 CasperssXDE: tamam good
11:52 CasperssXDE: bi dk bide
11:52 theavoid07 : preview nasıl gidecek
11:52 theavoid07 : labn
11:53 theavoid07 : preview nasıl gidecek
11:53 CasperssXDE: ne preview i
11:53 theavoid07 : sandık
11:53 CasperssXDE: bu chesti krıamyı dene bide
11:53 CasperssXDE: amk sağ tık yapınca
11:53 CasperssXDE: satabiliyon elindeki madeni
11:53 CasperssXDE: prdn bir kere
11:53 CasperssXDE: sol tık bas
11:53 CasperssXDE: menü çıktı demi
11:53 CasperssXDE: yazılar gelmesi lazım sana
11:53 theavoid07 : evt
11:53 CasperssXDE: orda soruyor işte ne kadar satacaksın
11:53 CasperssXDE: dur mesela demir verim
11:53 theavoid07 : 10
11:54 CasperssXDE: demirleri attım al bi
11:54 theavoid07 : -100
11:54 CasperssXDE: he oldu
11:54 theavoid07 : gelmedi pana dolar
11:54 CasperssXDE: gmoney komutunu kullan paran gözükür
11:54 theavoid07 : gördüm
11:54 CasperssXDE: gelmiş iyi
11:54 CasperssXDE: tamam herşey hazır
11:54 theavoid07 : ama 155 dolar verdi burada 147 dolar gözüküo
11:55 CasperssXDE: vergi man
11:55 CasperssXDE: XD
11:55 theavoid07 : bnce banka güzel olmamış
11:55 CasperssXDE: boşver s et
11:55 theavoid07 : tamam ben yer beğenim awklfnwaklfn
11:56 theavoid07 : gamemode versene 2dk
11:56 CasperssXDE: dq*kdpkop sw yi kapatıyom
11:56 CasperssXDE: hadi bb
11:56 theavoid07 : peszevenk
11:56 theavoid07 : ne zaman oynicaz
